2020-09-21 18:18:27,966 INFO org.hibernate.validator.internal.util.Version [background-preinit] HV000001: Hibernate Validator 6.1.5.Final
2020-09-21 18:18:28,679 INFO org.springframework.boot.SpringApplication [main] No active profile set, falling back to default profiles: default
2020-09-21 18:18:29,991 INFO org.springframework.cloud.context.scope.GenericScope [main] BeanFactory id=e029c034-148a-3d46-b8d1-19b5cd0d0437
2020-09-21 18:18:31,462 INFO org.springframework.cloud.gateway.route.RouteDefinitionRouteLocator [main] Loaded RoutePredicateFactory [After]
2020-09-21 18:18:31,463 INFO org.springframework.cloud.gateway.route.RouteDefinitionRouteLocator [main] Loaded RoutePredicateFactory [Before]
2020-09-21 18:18:31,463 INFO org.springframework.cloud.gateway.route.RouteDefinitionRouteLocator [main] Loaded RoutePredicateFactory [Between]
2020-09-21 18:18:31,463 INFO org.springframework.cloud.gateway.route.RouteDefinitionRouteLocator [main] Loaded RoutePredicateFactory [Cookie]
2020-09-21 18:18:31,463 INFO org.springframework.cloud.gateway.route.RouteDefinitionRouteLocator [main] Loaded RoutePredicateFactory [Header]
2020-09-21 18:18:31,464 INFO org.springframework.cloud.gateway.route.RouteDefinitionRouteLocator [main] Loaded RoutePredicateFactory [Host]
2020-09-21 18:18:31,464 INFO org.springframework.cloud.gateway.route.RouteDefinitionRouteLocator [main] Loaded RoutePredicateFactory [Method]
2020-09-21 18:18:31,464 INFO org.springframework.cloud.gateway.route.RouteDefinitionRouteLocator [main] Loaded RoutePredicateFactory [Path]
2020-09-21 18:18:31,464 INFO org.springframework.cloud.gateway.route.RouteDefinitionRouteLocator [main] Loaded RoutePredicateFactory [Query]
2020-09-21 18:18:31,464 INFO org.springframework.cloud.gateway.route.RouteDefinitionRouteLocator [main] Loaded RoutePredicateFactory [ReadBodyPredicateFactory]
2020-09-21 18:18:31,465 INFO org.springframework.cloud.gateway.route.RouteDefinitionRouteLocator [main] Loaded RoutePredicateFactory [RemoteAddr]
2020-09-21 18:18:31,465 INFO org.springframework.cloud.gateway.route.RouteDefinitionRouteLocator [main] Loaded RoutePredicateFactory [Weight]
2020-09-21 18:18:31,465 INFO org.springframework.cloud.gateway.route.RouteDefinitionRouteLocator [main] Loaded RoutePredicateFactory [CloudFoundryRouteService]
2020-09-21 18:18:32,659 INFO org.springframework.cloud.commons.util.InetUtils [main] Cannot determine local hostname
2020-09-21 18:18:32,788 INFO org.springframework.boot.actuate.endpoint.web.EndpointLinksResolver [main] Exposing 16 endpoint(s) beneath base path '/actuator'
2020-09-21 18:18:33,986 INFO org.springframework.cloud.commons.util.InetUtils [main] Cannot determine local hostname
2020-09-21 18:18:34,001 WARN org.springframework.cloud.security.oauth2.SpringCloudSecurityAutoConfiguration [main] All Spring Cloud Security modules and starters are deprecated. They will be moved to individual projects in the next major release.
2020-09-21 18:18:34,137 INFO org.springframework.boot.web.embedded.netty.NettyWebServer [main] Netty started on port(s): 8080
2020-09-21 18:18:35,139 INFO org.springframework.cloud.commons.util.InetUtils [main] Cannot determine local hostname
2020-09-21 18:18:36,143 INFO org.springframework.cloud.commons.util.InetUtils [main] Cannot determine local hostname
2020-09-21 18:18:36,291 INFO org.springframework.boot.StartupInfoLogger [main] Started ApiGatewayApplication in 8.978 seconds (JVM running for 9.868)
2020-09-21 18:19:05,012 INFO org.springframework.test.context.support.AbstractTestContextBootstrapper [main] Neither @ContextConfiguration nor @ContextHierarchy found for test class [ar.edu.utn.frd.apiGateway.ApiGatewayApplicationTests], using SpringBootContextLoader
2020-09-21 18:19:05,024 INFO org.springframework.test.context.support.AbstractContextLoader [main] Could not detect default resource locations for test class [ar.edu.utn.frd.apiGateway.ApiGatewayApplicationTests]: no resource found for suffixes {-context.xml, Context.groovy}.
2020-09-21 18:19:05,025 INFO org.springframework.test.context.support.AnnotationConfigContextLoaderUtils [main] Could not detect default configuration classes for test class [ar.edu.utn.frd.apiGateway.ApiGatewayApplicationTests]: ApiGatewayApplicationTests does not declare any static, non-private, non-final, nested classes annotated with @Configuration.
2020-09-21 18:19:05,144 INFO org.springframework.boot.test.context.SpringBootTestContextBootstrapper [main] Found @SpringBootConfiguration ar.edu.utn.frd.apiGateway.ApiGatewayApplication for test class ar.edu.utn.frd.apiGateway.ApiGatewayApplicationTests
2020-09-21 18:19:05,240 INFO org.springframework.test.context.support.AbstractTestContextBootstrapper [main] Loaded default TestExecutionListener class names from location [META-INF/spring.factories]: [org.springframework.boot.test.mock.mockito.MockitoTestExecutionListener, org.springframework.boot.test.mock.mockito.ResetMocksTestExecutionListener, org.springframework.boot.test.autoconfigure.restdocs.RestDocsTestExecutionListener, org.springframework.boot.test.autoconfigure.web.client.MockRestServiceServerResetTestExecutionListener, org.springframework.boot.test.autoconfigure.web.servlet.MockMvcPrintOnlyOnFailureTestExecutionListener, org.springframework.boot.test.autoconfigure.web.servlet.WebDriverTestExecutionListener, org.springframework.boot.test.autoconfigure.webservices.client.MockWebServiceServerTestExecutionListener, org.springframework.test.context.web.ServletTestExecutionListener, org.springframework.test.context.support.DirtiesContextBeforeModesTestExecutionListener, org.springframework.test.context.support.DependencyInjectionTestExecutionListener, org.springframework.test.context.support.DirtiesContextTestExecutionListener, org.springframework.test.context.transaction.TransactionalTestExecutionListener, org.springframework.test.context.jdbc.SqlScriptsTestExecutionListener, org.springframework.test.context.event.EventPublishingTestExecutionListener]
2020-09-21 18:19:05,249 INFO org.springframework.test.context.support.AbstractTestContextBootstrapper [main] Using TestExecutionListeners: [org.springframework.test.context.support.DirtiesContextBeforeModesTestExecutionListener@346a361, org.springframework.boot.test.mock.mockito.MockitoTestExecutionListener@107ed6fc, org.springframework.boot.test.autoconfigure.SpringBootDependencyInjectionTestExecutionListener@1643d68f, org.springframework.test.context.support.DirtiesContextTestExecutionListener@186978a6, org.springframework.test.context.event.EventPublishingTestExecutionListener@2e029d61, org.springframework.boot.test.mock.mockito.ResetMocksTestExecutionListener@482d776b, org.springframework.boot.test.autoconfigure.restdocs.RestDocsTestExecutionListener@4052274f, org.springframework.boot.test.autoconfigure.web.client.MockRestServiceServerResetTestExecutionListener@132ddbab, org.springframework.boot.test.autoconfigure.web.servlet.MockMvcPrintOnlyOnFailureTestExecutionListener@297ea53a, org.springframework.boot.test.autoconfigure.web.servlet.WebDriverTestExecutionListener@acb0951, org.springframework.boot.test.autoconfigure.webservices.client.MockWebServiceServerTestExecutionListener@5bf22f18]
2020-09-21 18:19:05,607 INFO org.hibernate.validator.internal.util.Version [background-preinit] HV000001: Hibernate Validator 6.1.5.Final
2020-09-21 18:19:06,181 INFO org.springframework.boot.SpringApplication [main] No active profile set, falling back to default profiles: default
2020-09-21 18:19:07,039 INFO org.springframework.cloud.context.scope.GenericScope [main] BeanFactory id=7fdaa338-749c-3a80-9541-80c2b9c3aba0
2020-09-21 18:19:08,422 INFO org.springframework.cloud.gateway.route.RouteDefinitionRouteLocator [main] Loaded RoutePredicateFactory [After]
2020-09-21 18:19:08,423 INFO org.springframework.cloud.gateway.route.RouteDefinitionRouteLocator [main] Loaded RoutePredicateFactory [Before]
2020-09-21 18:19:08,423 INFO org.springframework.cloud.gateway.route.RouteDefinitionRouteLocator [main] Loaded RoutePredicateFactory [Between]
2020-09-21 18:19:08,424 INFO org.springframework.cloud.gateway.route.RouteDefinitionRouteLocator [main] Loaded RoutePredicateFactory [Cookie]
2020-09-21 18:19:08,424 INFO org.springframework.cloud.gateway.route.RouteDefinitionRouteLocator [main] Loaded RoutePredicateFactory [Header]
2020-09-21 18:19:08,425 INFO org.springframework.cloud.gateway.route.RouteDefinitionRouteLocator [main] Loaded RoutePredicateFactory [Host]
2020-09-21 18:19:08,425 INFO org.springframework.cloud.gateway.route.RouteDefinitionRouteLocator [main] Loaded RoutePredicateFactory [Method]
2020-09-21 18:19:08,426 INFO org.springframework.cloud.gateway.route.RouteDefinitionRouteLocator [main] Loaded RoutePredicateFactory [Path]
2020-09-21 18:19:08,426 INFO org.springframework.cloud.gateway.route.RouteDefinitionRouteLocator [main] Loaded RoutePredicateFactory [Query]
2020-09-21 18:19:08,427 INFO org.springframework.cloud.gateway.route.RouteDefinitionRouteLocator [main] Loaded RoutePredicateFactory [ReadBodyPredicateFactory]
2020-09-21 18:19:08,427 INFO org.springframework.cloud.gateway.route.RouteDefinitionRouteLocator [main] Loaded RoutePredicateFactory [RemoteAddr]
2020-09-21 18:19:08,428 INFO org.springframework.cloud.gateway.route.RouteDefinitionRouteLocator [main] Loaded RoutePredicateFactory [Weight]
2020-09-21 18:19:08,428 INFO org.springframework.cloud.gateway.route.RouteDefinitionRouteLocator [main] Loaded RoutePredicateFactory [CloudFoundryRouteService]
2020-09-21 18:19:08,933 INFO org.springframework.boot.actuate.endpoint.web.EndpointLinksResolver [main] Exposing 16 endpoint(s) beneath base path '/actuator'
2020-09-21 18:19:09,220 WARN org.springframework.cloud.security.oauth2.SpringCloudSecurityAutoConfiguration [main] All Spring Cloud Security modules and starters are deprecated. They will be moved to individual projects in the next major release.
2020-09-21 18:19:09,343 INFO org.springframework.boot.StartupInfoLogger [main] Started ApiGatewayApplicationTests in 4.046 seconds (JVM running for 5.146)
